============================= test session starts ==============================
platform linux -- Python 3.11.13, pytest-8.4.1, pluggy-1.6.0 -- /usr/local/bin/python
cachedir: .pytest_cache
rootdir: /workspaces/IDS706_Data_Engineering_Systems/week1
plugins: cov-6.2.1
collecting ... collected 2 items

test_hello.py::test_say_hello PASSED                                     [ 50%]
test_hello.py::test_add PASSED                                           [100%]

================================ tests coverage ================================
_______________ coverage: platform linux, python 3.11.13-final-0 _______________

Name       Stmts   Miss  Cover   Missing
----------------------------------------
hello.py       4      0   100%
----------------------------------------
TOTAL          4      0   100%
============================== 2 passed in 0.06s ===============================
