........                                                                 [100%]
=============================== warnings summary ===============================
tests/test_ml.py::test_train_and_eval_logreg
tests/test_system_end_to_end.py::test_end_to_end
  /home/vscode/.local/lib/python3.11/site-packages/sklearn/linear_model/_logistic.py:455: DeprecationWarning: scipy.optimize: The `disp` and `iprint` options of the L-BFGS-B solver are deprecated and will be removed in SciPy 1.18.0.
    opt_res = optimize.minimize(

-- Docs: https://docs.pytest.org/en/stable/how-to/capture-warnings.html

---------- coverage: platform linux, python 3.11.13-final-0 ----------
Name                    Stmts   Miss  Cover   Missing
-----------------------------------------------------
analysis/__init__.py        5      0   100%
analysis/io_utils.py       11      1    91%   15
analysis/ml.py             19      0   100%
analysis/transform.py      44     16    64%   19, 24, 26-31, 38, 40, 44, 48, 51-54, 57, 66
analysis/version.py         1      0   100%
-----------------------------------------------------
TOTAL                      80     17    79%

8 passed, 2 warnings in 2.27s
